<?xml version="1.0" encoding="UTF-8"?>
<testsuite xmlns:xsi="http://www.w3.org/2001/XMLSchema-instance" xsi:noNamespaceSchemaLocation="https://maven.apache.org/surefire/maven-surefire-plugin/xsd/surefire-test-report.xsd" name="jsoup.JsoupAffectTest" time="0.548" tests="6" errors="5" skipped="0" failures="0">
  <properties>
    <property name="sun.desktop" value="windows"/>
    <property name="awt.toolkit" value="sun.awt.windows.WToolkit"/>
    <property name="file.encoding.pkg" value="sun.io"/>
    <property name="java.specification.version" value="1.8"/>
    <property name="sun.cpu.isalist" value="amd64"/>
    <property name="sun.jnu.encoding" value="GBK"/>
    <property name="java.class.path" value="F:\study\java\IdeaProjects\maven_java\maven_crawler\target\test-classes;F:\study\java\IdeaProjects\maven_java\maven_crawler\target\classes;F:\study\java\maven_repository\org\apache\httpcomponents\httpclient\4.5.2\httpclient-4.5.2.jar;F:\study\java\maven_repository\commons-codec\commons-codec\1.11\commons-codec-1.11.jar;F:\study\java\maven_repository\org\slf4j\slf4j-log4j12\1.7.25\slf4j-log4j12-1.7.25.jar;F:\study\java\maven_repository\org\slf4j\slf4j-api\1.7.25\slf4j-api-1.7.25.jar;F:\study\java\maven_repository\log4j\log4j\1.2.17\log4j-1.2.17.jar;F:\study\java\maven_repository\org\jsoup\jsoup\1.10.2\jsoup-1.10.2.jar;F:\study\java\maven_repository\junit\junit\4.12\junit-4.12.jar;F:\study\java\maven_repository\org\hamcrest\hamcrest-core\1.3\hamcrest-core-1.3.jar;F:\study\java\maven_repository\commons-io\commons-io\2.6\commons-io-2.6.jar;F:\study\java\maven_repository\org\apache\commons\commons-lang3\3.7\commons-lang3-3.7.jar;F:\study\java\maven_repository\org\apache\httpcomponents\httpcore\4.4.5\httpcore-4.4.5.jar;"/>
    <property name="java.vm.vendor" value="Oracle Corporation"/>
    <property name="sun.arch.data.model" value="64"/>
    <property name="user.variant" value=""/>
    <property name="java.vendor.url" value="http://java.oracle.com/"/>
    <property name="user.timezone" value="Asia/Shanghai"/>
    <property name="java.vm.specification.version" value="1.8"/>
    <property name="os.name" value="Windows 10"/>
    <property name="user.country" value="CN"/>
    <property name="sun.java.launcher" value="SUN_STANDARD"/>
    <property name="sun.boot.library.path" value="F:\study\java\JDK\jre\bin"/>
    <property name="sun.java.command" value="C:\Users\26762\AppData\Local\Temp\surefire4482630705773297627\surefirebooter862188573113193360.jar C:\Users\26762\AppData\Local\Temp\surefire4482630705773297627 2020-06-28T20-33-47_850-jvmRun1 surefire1071254042604974823tmp surefire_08836437643169447206tmp"/>
    <property name="surefire.test.class.path" value="F:\study\java\IdeaProjects\maven_java\maven_crawler\target\test-classes;F:\study\java\IdeaProjects\maven_java\maven_crawler\target\classes;F:\study\java\maven_repository\org\apache\httpcomponents\httpclient\4.5.2\httpclient-4.5.2.jar;F:\study\java\maven_repository\commons-codec\commons-codec\1.11\commons-codec-1.11.jar;F:\study\java\maven_repository\org\slf4j\slf4j-log4j12\1.7.25\slf4j-log4j12-1.7.25.jar;F:\study\java\maven_repository\org\slf4j\slf4j-api\1.7.25\slf4j-api-1.7.25.jar;F:\study\java\maven_repository\log4j\log4j\1.2.17\log4j-1.2.17.jar;F:\study\java\maven_repository\org\jsoup\jsoup\1.10.2\jsoup-1.10.2.jar;F:\study\java\maven_repository\junit\junit\4.12\junit-4.12.jar;F:\study\java\maven_repository\org\hamcrest\hamcrest-core\1.3\hamcrest-core-1.3.jar;F:\study\java\maven_repository\commons-io\commons-io\2.6\commons-io-2.6.jar;F:\study\java\maven_repository\org\apache\commons\commons-lang3\3.7\commons-lang3-3.7.jar;F:\study\java\maven_repository\org\apache\httpcomponents\httpcore\4.4.5\httpcore-4.4.5.jar;"/>
    <property name="sun.cpu.endian" value="little"/>
    <property name="user.home" value="C:\Users\26762"/>
    <property name="user.language" value="zh"/>
    <property name="java.specification.vendor" value="Oracle Corporation"/>
    <property name="java.home" value="F:\study\java\JDK\jre"/>
    <property name="basedir" value="F:\study\java\IdeaProjects\maven_java\maven_crawler"/>
    <property name="file.separator" value="\"/>
    <property name="line.separator" value="&#10;"/>
    <property name="java.vm.specification.vendor" value="Oracle Corporation"/>
    <property name="java.specification.name" value="Java Platform API Specification"/>
    <property name="java.awt.graphicsenv" value="sun.awt.Win32GraphicsEnvironment"/>
    <property name="surefire.real.class.path" value="C:\Users\26762\AppData\Local\Temp\surefire4482630705773297627\surefirebooter862188573113193360.jar"/>
    <property name="sun.boot.class.path" value="F:\study\java\JDK\jre\lib\resources.jar;F:\study\java\JDK\jre\lib\rt.jar;F:\study\java\JDK\jre\lib\sunrsasign.jar;F:\study\java\JDK\jre\lib\jsse.jar;F:\study\java\JDK\jre\lib\jce.jar;F:\study\java\JDK\jre\lib\charsets.jar;F:\study\java\JDK\jre\lib\jfr.jar;F:\study\java\JDK\jre\classes"/>
    <property name="user.script" value=""/>
    <property name="sun.management.compiler" value="HotSpot 64-Bit Tiered Compilers"/>
    <property name="java.runtime.version" value="1.8.0_131-b11"/>
    <property name="user.name" value="26762"/>
    <property name="path.separator" value=";"/>
    <property name="os.version" value="10.0"/>
    <property name="java.endorsed.dirs" value="F:\study\java\JDK\jre\lib\endorsed"/>
    <property name="java.runtime.name" value="Java(TM) SE Runtime Environment"/>
    <property name="file.encoding" value="GBK"/>
    <property name="java.vm.name" value="Java HotSpot(TM) 64-Bit Server VM"/>
    <property name="localRepository" value="F:\study\java\maven_repository"/>
    <property name="java.vendor.url.bug" value="http://bugreport.sun.com/bugreport/"/>
    <property name="java.io.tmpdir" value="C:\Users\26762\AppData\Local\Temp\"/>
    <property name="java.version" value="1.8.0_131"/>
    <property name="user.dir" value="F:\study\java\IdeaProjects\maven_java\maven_crawler"/>
    <property name="os.arch" value="amd64"/>
    <property name="java.vm.specification.name" value="Java Virtual Machine Specification"/>
    <property name="java.awt.printerjob" value="sun.awt.windows.WPrinterJob"/>
    <property name="idea.version2019.1.2" value="true"/>
    <property name="sun.os.patch.level" value=""/>
    <property name="java.library.path" value="F:\study\java\JDK\jre\bin;C:\WINDOWS\Sun\Java\bin;C:\WINDOWS\system32;C:\WINDOWS;E:\xiazai\oracle\oracleexe\app\oracle\product\10.2.0\server\bin;C:\Program Files (x86)\Intel\Intel(R) Management Engine Components\iCLS\;C:\Program Files\Intel\Intel(R) Management Engine Components\iCLS\;C:\Windows\system32;C:\Windows;C:\Windows\System32\Wbem;C:\Windows\System32\WindowsPowerShell\v1.0\;C:\Program Files (x86)\Intel\Intel(R) Management Engine Components\DAL;C:\Program Files\Intel\Intel(R) Management Engine Components\DAL;C:\Program Files (x86)\Intel\Intel(R) Management Engine Components\IPT;C:\Program Files\Intel\Intel(R) Management Engine Components\IPT;C:\Program Files (x86)\NVIDIA Corporation\PhysX\Common;F:\study\java\JDK\bin;C:\Program Files\NVIDIA Corporation\NVIDIA NvDLISR;C:\WINDOWS\system32;C:\WINDOWS;C:\WINDOWS\System32\Wbem;C:\WINDOWS\System32\WindowsPowerShell\v1.0\;C:\WINDOWS\System32\OpenSSH\;C:\Program Files\dotnet\;C:\Program Files\Microsoft SQL Server\130\Tools\Binn\;E:\xiazai\python\;E:\xiazai\python\Scripts\;E:\Applications\Mysql\bin;E:\xiazai\hyxd;E:\xiazai\Git\Git\cmd;E:\xiazai\TortoiseGit\bin;E:\Applications\apache-maven-3.6.1\bin;C:\Program Files\Microsoft SQL Server\120\DTS\Binn\;C:\Program Files\Microsoft SQL Server\Client SDK\ODBC\110\Tools\Binn\;C:\Program Files (x86)\Microsoft SQL Server\120\Tools\Binn\;C:\Program Files\Microsoft SQL Server\120\Tools\Binn\;C:\Program Files (x86)\Microsoft SQL Server\120\Tools\Binn\ManagementStudio\;C:\Program Files (x86)\Microsoft SQL Server\120\DTS\Binn\;F:\study\java\gradle\gradle-4.6\bin;E:\xiazai\VisualSVN-Server\bin;E:\xiazai\TortoiseSVN\bin;E:\xiazai\nodeJS\;E:\xiazai\python\Scripts\;E:\xiazai\python\;C:\Users\26762\AppData\Local\Microsoft\WindowsApps;C:\Users\26762\AppData\Roaming\npm;."/>
    <property name="java.vm.info" value="mixed mode"/>
    <property name="java.vendor" value="Oracle Corporation"/>
    <property name="java.vm.version" value="25.131-b11"/>
    <property name="java.ext.dirs" value="F:\study\java\JDK\jre\lib\ext;C:\WINDOWS\Sun\Java\lib\ext"/>
    <property name="sun.io.unicode.encoding" value="UnicodeLittle"/>
    <property name="maven.repo.local" value="F:\study\java\maven_repository"/>
    <property name="java.class.version" value="52.0"/>
  </properties>
  <testcase name="testDOM" classname="jsoup.JsoupAffectTest" time="0.028">
    <error message="C:\Users\26762\Desktop\test.html (系统找不到指定的文件。)" type="java.io.FileNotFoundException">java.io.FileNotFoundException: C:\Users\26762\Desktop\test.html (系统找不到指定的文件。)
	at jsoup.JsoupAffectTest.testDOM(JsoupAffectTest.java:69)
</error>
  </testcase>
  <testcase name="testUrl" classname="jsoup.JsoupAffectTest" time="0.444"/>
  <testcase name="testData" classname="jsoup.JsoupAffectTest" time="0.002">
    <error message="C:\Users\26762\Desktop\test.html (系统找不到指定的文件。)" type="java.io.FileNotFoundException">java.io.FileNotFoundException: C:\Users\26762\Desktop\test.html (系统找不到指定的文件。)
	at jsoup.JsoupAffectTest.testData(JsoupAffectTest.java:104)
</error>
  </testcase>
  <testcase name="testFile" classname="jsoup.JsoupAffectTest" time="0.002">
    <error message="C:\Users\26762\Desktop\test.html (系统找不到指定的文件。)" type="java.io.FileNotFoundException">java.io.FileNotFoundException: C:\Users\26762\Desktop\test.html (系统找不到指定的文件。)
	at jsoup.JsoupAffectTest.testFile(JsoupAffectTest.java:50)
</error>
  </testcase>
  <testcase name="testText" classname="jsoup.JsoupAffectTest" time="0.018">
    <error message="File &apos;C:\Users\26762\Desktop\test.html&apos; does not exist" type="java.io.FileNotFoundException">java.io.FileNotFoundException: File 'C:\Users\26762\Desktop\test.html' does not exist
	at jsoup.JsoupAffectTest.testText(JsoupAffectTest.java:38)
</error>
  </testcase>
  <testcase name="testSelector" classname="jsoup.JsoupAffectTest" time="0">
    <error message="C:\Users\26762\Desktop\test.html (系统找不到指定的文件。)" type="java.io.FileNotFoundException">java.io.FileNotFoundException: C:\Users\26762\Desktop\test.html (系统找不到指定的文件。)
	at jsoup.JsoupAffectTest.testSelector(JsoupAffectTest.java:146)
</error>
  </testcase>
</testsuite>